mode: set
github.com/go-any-proxy/any_proxy.go:89.50,94.2 1 0
github.com/go-any-proxy/any_proxy.go:95.57,97.16 2 0
github.com/go-any-proxy/any_proxy.go:108.2,108.11 1 0
github.com/go-any-proxy/any_proxy.go:97.16,98.36 1 0
github.com/go-any-proxy/any_proxy.go:98.36,101.4 2 0
github.com/go-any-proxy/any_proxy.go:101.4,104.4 2 0
github.com/go-any-proxy/any_proxy.go:105.3,107.3 1 0
github.com/go-any-proxy/any_proxy.go:110.59,115.2 4 0
github.com/go-any-proxy/any_proxy.go:123.13,124.22 1 1
github.com/go-any-proxy/any_proxy.go:174.2,186.34 12 1
github.com/go-any-proxy/any_proxy.go:124.22,173.3 48 0
github.com/go-any-proxy/any_proxy.go:189.33,194.2 4 0
github.com/go-any-proxy/any_proxy.go:196.53,203.47 3 1
github.com/go-any-proxy/any_proxy.go:228.2,228.22 1 1
github.com/go-any-proxy/any_proxy.go:203.47,206.42 2 1
github.com/go-any-proxy/any_proxy.go:206.42,208.18 2 1
github.com/go-any-proxy/any_proxy.go:211.4,211.39 1 1
github.com/go-any-proxy/any_proxy.go:215.4,215.30 1 1
github.com/go-any-proxy/any_proxy.go:208.18,209.87 1 0
github.com/go-any-proxy/any_proxy.go:211.39,214.5 2 1
github.com/go-any-proxy/any_proxy.go:216.4,219.39 3 1
github.com/go-any-proxy/any_proxy.go:224.4,224.30 1 1
github.com/go-any-proxy/any_proxy.go:219.39,223.5 3 1
github.com/go-any-proxy/any_proxy.go:231.70,241.44 1 1
github.com/go-any-proxy/any_proxy.go:249.2,249.14 1 1
github.com/go-any-proxy/any_proxy.go:241.44,242.37 1 1
github.com/go-any-proxy/any_proxy.go:247.3,247.18 1 1
github.com/go-any-proxy/any_proxy.go:242.37,243.21 1 1
github.com/go-any-proxy/any_proxy.go:243.21,245.5 1 1
github.com/go-any-proxy/any_proxy.go:252.23,254.44 1 0
github.com/go-any-proxy/any_proxy.go:258.2,260.23 3 0
github.com/go-any-proxy/any_proxy.go:267.2,267.23 1 0
github.com/go-any-proxy/any_proxy.go:275.2,277.12 3 0
github.com/go-any-proxy/any_proxy.go:254.44,256.3 1 0
github.com/go-any-proxy/any_proxy.go:260.23,262.17 2 0
github.com/go-any-proxy/any_proxy.go:262.17,263.14 1 0
github.com/go-any-proxy/any_proxy.go:267.23,269.17 2 0
github.com/go-any-proxy/any_proxy.go:272.3,272.27 1 0
github.com/go-any-proxy/any_proxy.go:269.17,270.14 1 0
github.com/go-any-proxy/any_proxy.go:277.12,278.19 1 0
github.com/go-any-proxy/any_proxy.go:278.19,279.25 1 0
github.com/go-any-proxy/any_proxy.go:282.4,282.25 1 0
github.com/go-any-proxy/any_proxy.go:286.4,287.14 2 0
github.com/go-any-proxy/any_proxy.go:279.25,281.5 1 0
github.com/go-any-proxy/any_proxy.go:282.25,285.5 2 0
github.com/go-any-proxy/any_proxy.go:292.21,293.20 1 0
github.com/go-any-proxy/any_proxy.go:297.2,298.21 2 0
github.com/go-any-proxy/any_proxy.go:302.2,302.70 1 0
github.com/go-any-proxy/any_proxy.go:293.20,295.3 1 0
github.com/go-any-proxy/any_proxy.go:298.21,300.3 1 0
github.com/go-any-proxy/any_proxy.go:302.70,304.3 1 0
github.com/go-any-proxy/any_proxy.go:307.13,309.27 2 0
github.com/go-any-proxy/any_proxy.go:314.2,322.26 7 0
github.com/go-any-proxy/any_proxy.go:326.2,329.28 2 0
github.com/go-any-proxy/any_proxy.go:333.2,334.16 2 0
github.com/go-any-proxy/any_proxy.go:338.2,339.16 2 0
github.com/go-any-proxy/any_proxy.go:342.2,345.6 3 0
github.com/go-any-proxy/any_proxy.go:309.27,312.3 2 0
github.com/go-any-proxy/any_proxy.go:322.26,324.3 1 0
github.com/go-any-proxy/any_proxy.go:329.28,331.3 1 0
github.com/go-any-proxy/any_proxy.go:334.16,335.13 1 0
github.com/go-any-proxy/any_proxy.go:339.16,340.13 1 0
github.com/go-any-proxy/any_proxy.go:345.6,347.17 2 0
github.com/go-any-proxy/any_proxy.go:352.3,353.28 2 0
github.com/go-any-proxy/any_proxy.go:347.17,350.12 3 0
github.com/go-any-proxy/any_proxy.go:357.21,360.42 2 0
github.com/go-any-proxy/any_proxy.go:384.2,384.29 1 0
github.com/go-any-proxy/any_proxy.go:360.42,361.39 1 0
github.com/go-any-proxy/any_proxy.go:370.3,371.40 2 0
github.com/go-any-proxy/any_proxy.go:361.39,368.4 6 0
github.com/go-any-proxy/any_proxy.go:371.40,373.18 2 0
github.com/go-any-proxy/any_proxy.go:380.4,380.16 1 0
github.com/go-any-proxy/any_proxy.go:373.18,378.13 5 0
github.com/go-any-proxy/any_proxy.go:384.29,389.3 4 0
github.com/go-any-proxy/any_proxy.go:392.91,393.16 1 0
github.com/go-any-proxy/any_proxy.go:397.2,397.16 1 0
github.com/go-any-proxy/any_proxy.go:401.2,402.16 2 0
github.com/go-any-proxy/any_proxy.go:425.2,426.13 2 0
github.com/go-any-proxy/any_proxy.go:393.16,396.3 2 0
github.com/go-any-proxy/any_proxy.go:397.16,400.3 2 0
github.com/go-any-proxy/any_proxy.go:402.16,403.42 1 0
github.com/go-any-proxy/any_proxy.go:403.42,404.61 1 0
github.com/go-any-proxy/any_proxy.go:407.4,407.26 1 0
github.com/go-any-proxy/any_proxy.go:415.4,415.27 1 0
github.com/go-any-proxy/any_proxy.go:404.61,406.5 1 0
github.com/go-any-proxy/any_proxy.go:407.26,408.33 1 0
github.com/go-any-proxy/any_proxy.go:411.5,411.34 1 0
github.com/go-any-proxy/any_proxy.go:408.33,410.6 1 0
github.com/go-any-proxy/any_proxy.go:411.34,413.6 1 0
github.com/go-any-proxy/any_proxy.go:415.27,416.33 1 0
github.com/go-any-proxy/any_proxy.go:419.5,419.34 1 0
github.com/go-any-proxy/any_proxy.go:416.33,418.6 1 0
github.com/go-any-proxy/any_proxy.go:419.34,421.6 1 0
github.com/go-any-proxy/any_proxy.go:429.109,430.23 1 1
github.com/go-any-proxy/any_proxy.go:437.2,438.23 2 1
github.com/go-any-proxy/any_proxy.go:444.2,452.16 4 0
github.com/go-any-proxy/any_proxy.go:464.2,466.16 3 0
github.com/go-any-proxy/any_proxy.go:470.2,471.16 2 0
github.com/go-any-proxy/any_proxy.go:475.2,475.41 1 0
github.com/go-any-proxy/any_proxy.go:485.2,491.8 3 0
github.com/go-any-proxy/any_proxy.go:430.23,434.3 3 1
github.com/go-any-proxy/any_proxy.go:438.23,442.3 3 1
github.com/go-any-proxy/any_proxy.go:452.16,455.3 2 0
github.com/go-any-proxy/any_proxy.go:455.3,457.3 1 0
github.com/go-any-proxy/any_proxy.go:466.16,469.3 2 0
github.com/go-any-proxy/any_proxy.go:471.16,474.3 2 0
github.com/go-any-proxy/any_proxy.go:475.41,478.3 2 0
github.com/go-any-proxy/any_proxy.go:478.3,483.3 4 0
github.com/go-any-proxy/any_proxy.go:494.46,496.16 2 0
github.com/go-any-proxy/any_proxy.go:500.2,501.16 2 0
github.com/go-any-proxy/any_proxy.go:505.2,506.16 2 0
github.com/go-any-proxy/any_proxy.go:510.2,514.16 5 0
github.com/go-any-proxy/any_proxy.go:517.2,517.18 1 0
github.com/go-any-proxy/any_proxy.go:496.16,499.3 2 0
github.com/go-any-proxy/any_proxy.go:501.16,504.3 2 0
github.com/go-any-proxy/any_proxy.go:506.16,509.3 2 0
github.com/go-any-proxy/any_proxy.go:514.16,516.3 1 0
github.com/go-any-proxy/any_proxy.go:520.80,524.23 2 1
github.com/go-any-proxy/any_proxy.go:530.2,531.23 2 1
github.com/go-any-proxy/any_proxy.go:536.2,538.16 3 0
github.com/go-any-proxy/any_proxy.go:550.2,553.59 4 0
github.com/go-any-proxy/any_proxy.go:524.23,527.3 2 1
github.com/go-any-proxy/any_proxy.go:531.23,534.3 2 1
github.com/go-any-proxy/any_proxy.go:538.16,540.24 2 0
github.com/go-any-proxy/any_proxy.go:543.3,544.24 2 0
github.com/go-any-proxy/any_proxy.go:547.3,548.9 2 0
github.com/go-any-proxy/any_proxy.go:540.24,542.4 1 0
github.com/go-any-proxy/any_proxy.go:544.24,546.4 1 0
github.com/go-any-proxy/any_proxy.go:556.79,566.23 7 1
github.com/go-any-proxy/any_proxy.go:572.2,573.23 2 1
github.com/go-any-proxy/any_proxy.go:579.2,580.16 2 0
github.com/go-any-proxy/any_proxy.go:584.2,584.26 1 0
github.com/go-any-proxy/any_proxy.go:597.2,597.42 1 0
github.com/go-any-proxy/any_proxy.go:643.2,643.22 1 0
github.com/go-any-proxy/any_proxy.go:647.2,647.22 1 0
github.com/go-any-proxy/any_proxy.go:653.2,655.57 3 0
github.com/go-any-proxy/any_proxy.go:566.23,569.3 2 1
github.com/go-any-proxy/any_proxy.go:573.23,577.3 3 1
github.com/go-any-proxy/any_proxy.go:580.16,582.3 1 0
github.com/go-any-proxy/any_proxy.go:584.26,586.21 2 0
github.com/go-any-proxy/any_proxy.go:586.21,588.4 1 0
github.com/go-any-proxy/any_proxy.go:588.4,590.36 2 0
github.com/go-any-proxy/any_proxy.go:590.36,593.5 2 0
github.com/go-any-proxy/any_proxy.go:597.42,599.17 2 0
github.com/go-any-proxy/any_proxy.go:603.3,605.54 3 0
github.com/go-any-proxy/any_proxy.go:608.3,613.17 6 0
github.com/go-any-proxy/any_proxy.go:618.3,618.38 1 0
github.com/go-any-proxy/any_proxy.go:625.3,625.98 1 0
github.com/go-any-proxy/any_proxy.go:632.3,632.47 1 0
github.com/go-any-proxy/any_proxy.go:639.3,641.8 3 0
github.com/go-any-proxy/any_proxy.go:599.17,601.12 2 0
github.com/go-any-proxy/any_proxy.go:605.54,607.4 1 0
github.com/go-any-proxy/any_proxy.go:613.17,616.12 3 0
github.com/go-any-proxy/any_proxy.go:618.38,624.4 5 0
github.com/go-any-proxy/any_proxy.go:625.98,631.4 5 0
github.com/go-any-proxy/any_proxy.go:632.47,635.12 3 0
github.com/go-any-proxy/any_proxy.go:636.4,638.4 1 0
github.com/go-any-proxy/any_proxy.go:643.22,646.3 2 0
github.com/go-any-proxy/any_proxy.go:647.22,652.3 4 0
github.com/go-any-proxy/any_proxy.go:658.48,659.23 1 1
github.com/go-any-proxy/any_proxy.go:665.2,666.23 2 1
github.com/go-any-proxy/any_proxy.go:671.2,672.16 2 0
github.com/go-any-proxy/any_proxy.go:677.2,677.28 1 0
github.com/go-any-proxy/any_proxy.go:682.2,683.32 2 0
github.com/go-any-proxy/any_proxy.go:687.2,687.47 1 0
github.com/go-any-proxy/any_proxy.go:659.23,662.3 2 1
github.com/go-any-proxy/any_proxy.go:666.23,669.3 2 1
github.com/go-any-proxy/any_proxy.go:672.16,675.3 2 0
github.com/go-any-proxy/any_proxy.go:677.28,680.3 2 0
github.com/go-any-proxy/any_proxy.go:683.32,686.3 2 0
github.com/go-any-proxy/any_proxy.go:692.26,693.12 1 0
github.com/go-any-proxy/any_proxy.go:698.2,700.23 3 0
github.com/go-any-proxy/any_proxy.go:705.2,705.23 1 0
github.com/go-any-proxy/any_proxy.go:693.12,695.3 1 0
github.com/go-any-proxy/any_proxy.go:700.23,703.3 2 0
github.com/go-any-proxy/stats.go:115.25,119.2 3 0
github.com/go-any-proxy/stats.go:121.33,123.2 1 0
github.com/go-any-proxy/stats.go:125.28,129.2 3 0
github.com/go-any-proxy/stats.go:131.36,133.2 1 0
github.com/go-any-proxy/stats.go:135.33,139.2 3 0
github.com/go-any-proxy/stats.go:141.41,143.2 1 0
github.com/go-any-proxy/stats.go:145.30,149.2 3 0
github.com/go-any-proxy/stats.go:151.38,153.2 1 0
github.com/go-any-proxy/stats.go:155.31,159.2 3 0
github.com/go-any-proxy/stats.go:161.39,163.2 1 0
github.com/go-any-proxy/stats.go:165.30,169.2 3 0
github.com/go-any-proxy/stats.go:171.38,173.2 1 0
github.com/go-any-proxy/stats.go:175.30,179.2 3 0
github.com/go-any-proxy/stats.go:181.38,183.2 1 0
github.com/go-any-proxy/stats.go:185.30,189.2 3 0
github.com/go-any-proxy/stats.go:191.38,193.2 1 0
github.com/go-any-proxy/stats.go:195.33,199.2 3 0
github.com/go-any-proxy/stats.go:201.41,203.2 1 0
github.com/go-any-proxy/stats.go:205.36,209.2 3 0
github.com/go-any-proxy/stats.go:211.44,213.2 1 0
github.com/go-any-proxy/stats.go:215.31,219.2 3 0
github.com/go-any-proxy/stats.go:221.39,223.2 1 0
github.com/go-any-proxy/stats.go:225.32,229.2 3 0
github.com/go-any-proxy/stats.go:231.40,233.2 1 0
github.com/go-any-proxy/stats.go:235.32,239.2 3 0
github.com/go-any-proxy/stats.go:241.40,243.2 1 0
github.com/go-any-proxy/stats.go:245.33,249.2 3 0
github.com/go-any-proxy/stats.go:251.40,253.2 1 0
github.com/go-any-proxy/stats.go:255.19,258.15 3 0
github.com/go-any-proxy/stats.go:258.15,259.25 1 0
github.com/go-any-proxy/stats.go:259.25,261.27 2 0
github.com/go-any-proxy/stats.go:265.13,288.22 24 0
github.com/go-any-proxy/stats.go:261.27,263.25 2 0
